<?xml version="1.0" encoding="UTF-8"?>
<!-- Generated by org.testng.reporters.JUnitReportReporter -->
<testsuite hostname="Shwetanishas-MacBook-Pro.local" failures="0" tests="2" name="GetBookAPITest" time="3.214" errors="0" timestamp="10 Mar 2021 15:13:01 GMT" skipped="0">
  <testcase classname="GetBookAPITest" name="assertGetBookByID" time="2.823"/>
  <testcase classname="GetBookAPITest" name="assertGetBookByIDUsingDeserialization" time="0.391"/>
</testsuite> <!-- GetBookAPITest -->
