<?xml version="1.0" encoding="UTF-8"?>
<!-- Generated by org.testng.reporters.JUnitReportReporter -->
<testsuite hostname="Shwetanishas-MacBook-Pro.local" failures="0" tests="3" name="crudeCode.LoginAndLogout" time="32.820" errors="0" timestamp="2021-03-08T12:25:07 IST" skipped="0">
  <testcase classname="crudeCode.LoginAndLogout" name="verifyLoginFailure" time="12.445"/>
  <system-out/>
  <testcase classname="crudeCode.LoginAndLogout" name="verifyLoginSuccess" time="9.976"/>
  <system-out/>
  <testcase classname="crudeCode.LoginAndLogout" name="verifyLogout" time="10.399"/>
  <system-out/>
</testsuite> <!-- crudeCode.LoginAndLogout -->
